<?xml version="1.0" encoding="UTF-8"?>
<!-- Generated by org.testng.reporters.JUnitReportReporter -->
<testsuite hostname="nimbusclient" failures="0" tests="4" name="AdderTest" time="0.033" errors="0" timestamp="2025-02-11T08:41:59 UTC" skipped="0">
  <testcase classname="AdderTest" name="testAddNumber" time="0.022"/>
  <system-out/>
  <testcase classname="AdderTest" name="testAddNumber" time="0.000"/>
  <system-out/>
  <testcase classname="AdderTest" name="testInitialConstructor" time="0.001"/>
  <system-out/>
  <testcase classname="AdderTest" name="testAddNumber" time="0.010"/>
  <system-out/>
</testsuite> <!-- AdderTest -->
